10:25:32.487 [36mINFO[0m ---------------------------------------------------------------------------------------- 
10:25:32.487 [36mINFO[0m AVIEW Platform - Coreline Soft Inc. v2.0.52.5 
10:25:32.487 [36mINFO[0m Process Name: aview.platform (proc_id=90950), Process Owner: root 
10:25:32.488 [36mINFO[0m [Configuration]                              
10:25:32.488 [36mINFO[0m   version: v1                                
10:25:32.488 [36mINFO[0m   registry_server:                           
10:25:32.488 [36mINFO[0m       endpoint: 0.0.0.0:5472                 
10:25:32.488 [36mINFO[0m   web_server:                                
10:25:32.488 [36mINFO[0m       registry_endpoint: 0.0.0.0:5472        
10:25:32.488 [36mINFO[0m       proxy_endpoint: 0.0.0.0:5471           
10:25:32.488 [36mINFO[0m       web_endpoint: 0.0.0.0:80               
10:25:32.488 [36mINFO[0m       frontend_endpoint: 0.0.0.0:36459       
10:25:32.488 [36mINFO[0m       api_endpoint: 0.0.0.0:5470             
10:25:32.488 [36mINFO[0m       web_dir: resource/web                  
10:25:32.488 [36mINFO[0m       rest_api_doc:                          
10:25:32.488 [36mINFO[0m           enabled: true                      
10:25:32.488 [36mINFO[0m           sub_url: doc/api                   
10:25:32.488 [36mINFO[0m       security:                              
10:25:32.488 [36mINFO[0m           encrypted_authentication: false    
10:25:32.488 [36mINFO[0m       tls:                                   
10:25:32.488 [36mINFO[0m           enabled: true                      
10:25:32.488 [36mINFO[0m           redirect_to_https: false           
10:25:32.488 [36mINFO[0m           web_endpoint: 0.0.0.0:443          
10:25:32.488 [36mINFO[0m           cert_file: ""                      
10:25:32.488 [36mINFO[0m           key_file: ""                       
10:25:32.488 [36mINFO[0m           self_signed_cert:                  
10:25:32.488 [36mINFO[0m               hostname: 10.77.3.32           
10:25:32.488 [36mINFO[0m               https_only: false              
10:25:32.488 [36mINFO[0m   mgmt_database:                             
10:25:32.488 [36mINFO[0m       driver_name: postgres                  
10:25:32.488 [36mINFO[0m       db_name: aview_mgmt                    
10:25:32.488 [36mINFO[0m       db_endpoint: postgres:5432             
10:25:32.488 [36mINFO[0m       db_username: coreline                  
10:25:32.488 [36mINFO[0m       db_password: coreline01!               
10:25:32.488 [36mINFO[0m       db_additional: sslmode=disable connect_timeout=5 
10:25:32.488 [36mINFO[0m       db_dir: ""                             
10:25:32.488 [36mINFO[0m   auth_server:                               
10:25:32.488 [36mINFO[0m       endpoint: 0.0.0.0:34933                
10:25:32.488 [36mINFO[0m       registry_endpoint: 0.0.0.0:5472        
10:25:32.488 [36mINFO[0m       encrypted_authentication: false        
10:25:32.488 [36mINFO[0m   mgmt_server:                               
10:25:32.488 [36mINFO[0m       endpoint: 0.0.0.0:41107                
10:25:32.488 [36mINFO[0m       registry_endpoint: 0.0.0.0:5472        
10:25:32.488 [36mINFO[0m       ws_endpoint: 0.0.0.0:40587             
10:25:32.488 [36mINFO[0m   node_server:                               
10:25:32.488 [36mINFO[0m       endpoint: 0.0.0.0:43195                
10:25:32.488 [36mINFO[0m       registry_endpoint: 0.0.0.0:5472        
10:25:32.488 [36mINFO[0m       node_key: master                       
10:25:32.488 [36mINFO[0m       folder_syncing:                        
10:25:32.488 [36mINFO[0m           monitoring_period: 10s             
10:25:32.488 [36mINFO[0m   aps_server:                                
10:25:32.488 [36mINFO[0m       endpoint: 0.0.0.0:33523                
10:25:32.488 [36mINFO[0m       registry_endpoint: 0.0.0.0:5472        
10:25:32.488 [36mINFO[0m       enablescheduling: true                 
10:25:32.488 [36mINFO[0m       schedulingperiodsec: 30                
10:25:32.488 [36mINFO[0m       importconstraintsec: 30                
10:25:32.488 [36mINFO[0m   audit_server:                              
10:25:32.488 [36mINFO[0m       endpoint: 0.0.0.0:37551                
10:25:32.488 [36mINFO[0m       registry_endpoint: 0.0.0.0:5472        
10:25:32.488 [36mINFO[0m   notice_server:                             
10:25:32.488 [36mINFO[0m       endpoint: 0.0.0.0:37101                
10:25:32.488 [36mINFO[0m       registry_endpoint: 0.0.0.0:5472        
10:25:32.488 [36mINFO[0m   network:                                   
10:25:32.488 [36mINFO[0m       timeout: 10s                           
10:25:32.488 [36mINFO[0m   log:                                       
10:25:32.488 [36mINFO[0m       filename: aview.platform.log           
10:25:32.488 [36mINFO[0m       filename_postfix: ""                   
10:25:32.488 [36mINFO[0m       level: info                            
10:25:32.488 [36mINFO[0m       max_backups: 16                        
10:25:32.488 [36mINFO[0m       max_file_size: 32MiB                   
10:25:32.488 [36mINFO[0m ---------------------------------------------------------------------------------------- 
10:25:32.577 [36mINFO[0m Initialized mgmt database.                    [36mdbname[0m=aview_mgmt [36mdrvier[0m=postgres
10:25:32.612 [36mINFO[0m Audit server connected.                       [36mnode_key[0m=master [36mregistered_servers[0m=1 [36mtoken[0m=audit
10:25:32.627 [36mINFO[0m Mgmt server connected.                        [36mnode_key[0m=master [36mregistered_servers[0m=2 [36mtoken[0m=mgmt
10:25:32.650 [36mINFO[0m Auth server connected.                        [36mnode_key[0m=master [36mregistered_servers[0m=3 [36mtoken[0m=auth
10:25:32.662 [36mINFO[0m Aps server connected.                         [36mnode_key[0m=master [36mregistered_servers[0m=4 [36mtoken[0m=aps
10:25:32.678 [36mINFO[0m Notice server connected.                      [36mnode_key[0m=master [36mregistered_servers[0m=5 [36mtoken[0m=notice
10:25:32.714 [36mINFO[0m Web server connected.                         [36mnode_key[0m=master [36mregistered_servers[0m=6 [36mtoken[0m=frontend
10:25:32.714 [36mINFO[0m Web server connected.                         [36mnode_key[0m=master [36mregistered_servers[0m=7 [36mtoken[0m=proxy
10:25:32.724 [36mINFO[0m HTTP server is running.                       [36mendpoint[0m="0.0.0.0:80"
10:25:32.724 [36mINFO[0m HTTPS server is running.                      [36mendpoint[0m="0.0.0.0:443"
10:25:32.812 [36mINFO[0m Master node connected.                        [36mnode_key[0m=master [36mos[0m=linux [36mversion[0m=2.0.52.5
10:25:32.837 [36mINFO[0m Process 'aview.hl7' started.                  [36mnode_servers[0m=1 [36mproc_id[0m=91121 [36mtoken[0m=hl7
10:25:32.843 [36mINFO[0m Process 'aview.dicomnet' started.             [36mnode_servers[0m=2 [36mproc_id[0m=91122 [36mtoken[0m=dicomnet
10:25:32.844 [36mINFO[0m Process 'aview.result' started.               [36mnode_servers[0m=3 [36mproc_id[0m=91123 [36mtoken[0m=result
10:25:32.849 [36mINFO[0m Process 'aview.data' started.                 [36mnode_servers[0m=4 [36mproc_id[0m=91124 [36mtoken[0m=03f871928a
10:25:32.864 [36mINFO[0m Process 'aview.import' started.               [36mnode_servers[0m=5 [36mproc_id[0m=91125 [36mtoken[0m=03f871928a
10:25:32.874 [36mINFO[0m Process 'aview.dicomscp' started.             [36mnode_servers[0m=6 [36mproc_id[0m=91128 [36mtoken[0m=c60bd1465e
10:25:32.879 [36mINFO[0m Process 'aview.data' started.                 [36mnode_servers[0m=7 [36mproc_id[0m=91129 [36mtoken[0m=31a1f4e5e9
10:25:32.885 INFO  config_log4cxx           : 269: - Logging configured by 'default'.
10:25:32.903 [36mINFO[0m Process 'aview.import' started.               [36mnode_servers[0m=8 [36mproc_id[0m=91133 [36mtoken[0m=31a1f4e5e9
10:25:32.920 [36mINFO[0m Process 'aview.data' started.                 [36mnode_servers[0m=9 [36mproc_id[0m=91152 [36mtoken[0m=8da95577cc
10:25:32.934 [36mINFO[0m Process 'aview.import' started.               [36mnode_servers[0m=10 [36mproc_id[0m=91161 [36mtoken[0m=8da95577cc
10:25:32.948 [36mINFO[0m Process 'aview.data' started.                 [36mnode_servers[0m=11 [36mproc_id[0m=91168 [36mtoken[0m=87cdd08a1d
10:25:32.965 [36mINFO[0m Process 'aview.import' started.               [36mnode_servers[0m=12 [36mproc_id[0m=91185 [36mtoken[0m=87cdd08a1d
10:25:32.980 [36mINFO[0m ---------------------------------------------------------------------------------------- 
10:25:32.980 [36mINFO[0m AVIEW DICOM Net - Coreline Soft Inc. v2.0.52.5 
10:25:32.980 [36mINFO[0m Process Name: aview.dicomnet (proc_id=91122), Process Owner: root 
10:25:32.980 [36mINFO[0m [Configuration]                              
10:25:32.980 [36mINFO[0m   version: v1                                
10:25:32.980 [36mINFO[0m   dicomnet_server:                           
10:25:32.980 [36mINFO[0m       endpoint: 0.0.0.0:34465                
10:25:32.980 [36mINFO[0m       registry_endpoint: 0.0.0.0:5472        
10:25:32.980 [36mINFO[0m       token: $dicomnet                       
10:25:32.980 [36mINFO[0m       node_key: master                       
10:25:32.980 [36mINFO[0m   network:                                   
10:25:32.980 [36mINFO[0m       timeout: 10s                           
10:25:32.980 [36mINFO[0m   log:                                       
10:25:32.980 [36mINFO[0m       filename: aview.dicomnet.log           
10:25:32.980 [36mINFO[0m       filename_postfix: ""                   
10:25:32.980 [36mINFO[0m       level: info                            
10:25:32.980 [36mINFO[0m       max_backups: 16                        
10:25:32.980 [36mINFO[0m       max_file_size: 32MiB                   
10:25:32.980 [36mINFO[0m ---------------------------------------------------------------------------------------- 
10:25:32.983 [36mINFO[0m Process 'aview.data' started.                 [36mnode_servers[0m=13 [36mproc_id[0m=91209 [36mtoken[0m=2f9e300800
10:25:32.998 [36mINFO[0m ---------------------------------------------------------------------------------------- 
10:25:32.998 [36mINFO[0m AVIEW Result - Coreline Soft Inc. v2.0.52.5  
10:25:32.998 [36mINFO[0m Process Name: aview.result (proc_id=91123), Process Owner: root 
10:25:32.998 [36mINFO[0m [Configuration]                              
10:25:32.998 [36mINFO[0m   version: v1                                
10:25:32.998 [36mINFO[0m   result_server:                             
10:25:32.998 [36mINFO[0m       endpoint: 0.0.0.0:36833                
10:25:32.998 [36mINFO[0m       registry_endpoint: 0.0.0.0:5472        
10:25:32.998 [36mINFO[0m       token: $result                         
10:25:32.998 [36mINFO[0m       node_key: master                       
10:25:32.998 [36mINFO[0m   network:                                   
10:25:32.998 [36mINFO[0m       timeout: 10s                           
10:25:32.998 [36mINFO[0m   log:                                       
10:25:32.998 [36mINFO[0m       filename: aview.result.log             
10:25:32.998 [36mINFO[0m       filename_postfix: ""                   
10:25:32.998 [36mINFO[0m       level: info                            
10:25:32.998 [36mINFO[0m       max_backups: 16                        
10:25:32.998 [36mINFO[0m       max_file_size: 32MiB                   
10:25:32.998 [36mINFO[0m ---------------------------------------------------------------------------------------- 
10:25:33.002 [36mINFO[0m ---------------------------------------------------------------------------------------- 
10:25:33.003 [36mINFO[0m AVIEW HL7 - Coreline Soft Inc. v2.0.52.5     
10:25:33.003 [36mINFO[0m Process Name: aview.hl7 (proc_id=91121), Process Owner: root 
10:25:33.005 [36mINFO[0m ---------------------------------------------------------------------------------------- 
10:25:33.005 [36mINFO[0m AVIEW Data - Coreline Soft Inc. v2.0.52.5    
10:25:33.005 [36mINFO[0m Process Name: aview.data (proc_id=91152), Process Owner: root 
10:25:33.005 [36mINFO[0m [Configuration]                              
10:25:33.005 [36mINFO[0m   version: v1                                
10:25:33.005 [36mINFO[0m   data_server:                               
10:25:33.005 [36mINFO[0m       endpoint: 0.0.0.0:46519                
10:25:33.005 [36mINFO[0m       registry_endpoint: 0.0.0.0:5472        
10:25:33.005 [36mINFO[0m       token: 8da95577cc                      
10:25:33.005 [36mINFO[0m       node_key: master                       
10:25:33.005 [36mINFO[0m       ws_endpoint: 0.0.0.0:38039             
10:25:33.005 [36mINFO[0m   network:                                   
10:25:33.005 [36mINFO[0m       timeout: 10s                           
10:25:33.005 [36mINFO[0m   log:                                       
10:25:33.005 [36mINFO[0m       filename: aview.data.log               
10:25:33.005 [36mINFO[0m       filename_postfix: 8da95577cc           
10:25:33.005 [36mINFO[0m       level: info                            
10:25:33.005 [36mINFO[0m       max_backups: 16                        
10:25:33.005 [36mINFO[0m       max_file_size: 32MiB                   
10:25:33.005 [36mINFO[0m ---------------------------------------------------------------------------------------- 
10:25:33.005 [36mINFO[0m ---------------------------------------------------------------------------------------- 
10:25:33.006 [36mINFO[0m AVIEW Data - Coreline Soft Inc. v2.0.52.5    
10:25:33.006 [36mINFO[0m Process Name: aview.data (proc_id=91129), Process Owner: root 
10:25:33.007 [36mINFO[0m [Configuration]                              
10:25:33.007 [36mINFO[0m   version: v1                                
10:25:33.007 [36mINFO[0m   data_server:                               
10:25:33.007 [36mINFO[0m       endpoint: 0.0.0.0:38935                
10:25:33.007 [36mINFO[0m       registry_endpoint: 0.0.0.0:5472        
10:25:33.007 [36mINFO[0m       token: 31a1f4e5e9                      
10:25:33.007 [36mINFO[0m       node_key: master                       
10:25:33.007 [36mINFO[0m       ws_endpoint: 0.0.0.0:42101             
10:25:33.007 [36mINFO[0m   network:                                   
10:25:33.007 [36mINFO[0m       timeout: 10s                           
10:25:33.007 [36mINFO[0m   log:                                       
10:25:33.007 [36mINFO[0m       filename: aview.data.log               
10:25:33.007 [36mINFO[0m       filename_postfix: 31a1f4e5e9           
10:25:33.007 [36mINFO[0m       level: info                            
10:25:33.007 [36mINFO[0m       max_backups: 16                        
10:25:33.007 [36mINFO[0m       max_file_size: 32MiB                   
10:25:33.007 [36mINFO[0m ---------------------------------------------------------------------------------------- 
10:25:33.007 [36mINFO[0m ---------------------------------------------------------------------------------------- 
10:25:33.007 [36mINFO[0m AVIEW Data - Coreline Soft Inc. v2.0.52.5    
10:25:33.007 [36mINFO[0m Process Name: aview.data (proc_id=91124), Process Owner: root 
10:25:33.007 [36mINFO[0m [Configuration]                              
10:25:33.008 [36mINFO[0m   version: v1                                
10:25:33.008 [36mINFO[0m   data_server:                               
10:25:33.008 [36mINFO[0m       endpoint: 0.0.0.0:33411                
10:25:33.008 [36mINFO[0m       registry_endpoint: 0.0.0.0:5472        
10:25:33.008 [36mINFO[0m       token: 03f871928a                      
10:25:33.008 [36mINFO[0m       node_key: master                       
10:25:33.008 [36mINFO[0m       ws_endpoint: 0.0.0.0:44183             
10:25:33.008 [36mINFO[0m   network:                                   
10:25:33.008 [36mINFO[0m       timeout: 10s                           
10:25:33.008 [36mINFO[0m   log:                                       
10:25:33.008 [36mINFO[0m       filename: aview.data.log               
10:25:33.008 [36mINFO[0m       filename_postfix: 03f871928a           
10:25:33.008 [36mINFO[0m       level: info                            
10:25:33.008 [36mINFO[0m       max_backups: 16                        
10:25:33.008 [36mINFO[0m       max_file_size: 32MiB                   
10:25:33.008 [36mINFO[0m ---------------------------------------------------------------------------------------- 
10:25:33.010 [36mINFO[0m Dicomnet server connected.                    [36mnode_key[0m=master [36mregistered_servers[0m=8 [36mtoken[0m=dicomnet
10:25:33.013 [36mINFO[0m Process 'aview.import' started.               [36mnode_servers[0m=14 [36mproc_id[0m=91251 [36mtoken[0m=2f9e300800
10:25:33.035 [36mINFO[0m ---------------------------------------------------------------------------------------- 
10:25:33.035 [36mINFO[0m ---------------------------------------------------------------------------------------- 
10:25:33.036 [36mINFO[0m AVIEW Import - Coreline Soft Inc. v2.0.52.5  
10:25:33.035 [36mINFO[0m ---------------------------------------------------------------------------------------- 
10:25:33.036 [36mINFO[0m AVIEW Import - Coreline Soft Inc. v2.0.52.5  
10:25:33.036 [36mINFO[0m AVIEW Import - Coreline Soft Inc. v2.0.52.5  
10:25:33.036 [36mINFO[0m Process Name: aview.import (proc_id=91133), Process Owner: root 
10:25:33.036 [36mINFO[0m Process Name: aview.import (proc_id=91161), Process Owner: root 
10:25:33.037 [36mINFO[0m [Configuration]                              
10:25:33.037 [36mINFO[0m   version: v1                                
10:25:33.037 [36mINFO[0m   import_server:                             
10:25:33.037 [36mINFO[0m       endpoint: 0.0.0.0:39931                
10:25:33.037 [36mINFO[0m       registry_endpoint: 0.0.0.0:5472        
10:25:33.037 [36mINFO[0m       token: 8da95577cc-i                    
10:25:33.037 [36mINFO[0m       node_key: master                       
10:25:33.037 [36mINFO[0m       data_token: 8da95577cc                 
10:25:33.037 [36mINFO[0m       ws_endpoint: 0.0.0.0:39875             
10:25:33.037 [36mINFO[0m   network:                                   
10:25:33.037 [36mINFO[0m       timeout: 10s                           
10:25:33.037 [36mINFO[0m   log:                                       
10:25:33.037 [36mINFO[0m       filename: aview.import.log             
10:25:33.037 [36mINFO[0m       filename_postfix: 8da95577cc           
10:25:33.037 [36mINFO[0m       level: info                            
10:25:33.037 [36mINFO[0m       max_backups: 16                        
10:25:33.037 [36mINFO[0m       max_file_size: 32MiB                   
10:25:33.037 [36mINFO[0m ---------------------------------------------------------------------------------------- 
10:25:33.037 [36mINFO[0m Process 'aview.data' started.                 [36mnode_servers[0m=15 [36mproc_id[0m=91310 [36mtoken[0m=5969a7ca93
10:25:33.038 [36mINFO[0m [Configuration]                              
10:25:33.038 [36mINFO[0m   version: v1                                
10:25:33.038 [36mINFO[0m   import_server:                             
10:25:33.038 [36mINFO[0m       endpoint: 0.0.0.0:42613                
10:25:33.038 [36mINFO[0m       registry_endpoint: 0.0.0.0:5472        
10:25:33.038 [36mINFO[0m       token: 31a1f4e5e9-i                    
10:25:33.038 [36mINFO[0m       node_key: master                       
10:25:33.038 [36mINFO[0m       data_token: 31a1f4e5e9                 
10:25:33.038 [36mINFO[0m       ws_endpoint: 0.0.0.0:32875             
10:25:33.038 [36mINFO[0m   network:                                   
10:25:33.038 [36mINFO[0m       timeout: 10s                           
10:25:33.038 [36mINFO[0m   log:                                       
10:25:33.038 [36mINFO[0m       filename: aview.import.log             
10:25:33.038 [36mINFO[0m       filename_postfix: 31a1f4e5e9           
10:25:33.038 [36mINFO[0m       level: info                            
10:25:33.038 [36mINFO[0m       max_backups: 16                        
10:25:33.038 [36mINFO[0m       max_file_size: 32MiB                   
10:25:33.038 [36mINFO[0m ---------------------------------------------------------------------------------------- 
10:25:33.036 [36mINFO[0m Process Name: aview.import (proc_id=91125), Process Owner: root 
10:25:33.039 [36mINFO[0m [Configuration]                              
10:25:33.039 [36mINFO[0m   version: v1                                
10:25:33.039 [36mINFO[0m   import_server:                             
10:25:33.039 [36mINFO[0m       endpoint: 0.0.0.0:42673                
10:25:33.039 [36mINFO[0m       registry_endpoint: 0.0.0.0:5472        
10:25:33.039 [36mINFO[0m       token: 03f871928a-i                    
10:25:33.039 [36mINFO[0m       node_key: master                       
10:25:33.039 [36mINFO[0m       data_token: 03f871928a                 
10:25:33.039 [36mINFO[0m       ws_endpoint: 0.0.0.0:34597             
10:25:33.039 [36mINFO[0m   network:                                   
10:25:33.039 [36mINFO[0m       timeout: 10s                           
10:25:33.039 [36mINFO[0m   log:                                       
10:25:33.040 [36mINFO[0m       filename: aview.import.log             
10:25:33.040 [36mINFO[0m       filename_postfix: 03f871928a           
10:25:33.040 [36mINFO[0m       level: info                            
10:25:33.040 [36mINFO[0m       max_backups: 16                        
10:25:33.040 [36mINFO[0m       max_file_size: 32MiB                   
10:25:33.040 [36mINFO[0m ---------------------------------------------------------------------------------------- 
10:25:33.052 [36mINFO[0m ---------------------------------------------------------------------------------------- 
10:25:33.054 [36mINFO[0m AVIEW DicomScp - Coreline Soft Inc. v2.0.52.5 
10:25:33.054 [36mINFO[0m Process Name: aview.dicomscp (proc_id=91128), Process Owner: root 
10:25:33.054 [36mINFO[0m [Configuration]                              
10:25:33.054 [36mINFO[0m   version: v1                                
10:25:33.054 [36mINFO[0m   dicomscp_server:                           
10:25:33.054 [36mINFO[0m       endpoint: 0.0.0.0:37317                
10:25:33.054 [36mINFO[0m       registry_endpoint: 0.0.0.0:5472        
10:25:33.054 [36mINFO[0m       token: c60bd1465e7b64fd6668bab64b163c6fcf0eda6a 
10:25:33.054 [36mINFO[0m       node_key: master                       
10:25:33.054 [36mINFO[0m       id: 0                                  
10:25:33.054 [36mINFO[0m       fk_group_id: 1                         
10:25:33.054 [36mINFO[0m       dcm_scp:                               
10:25:33.054 [36mINFO[0m           ae_title: AVIEW                    
10:25:33.054 [36mINFO[0m           ip_address: 0.0.0.0                
10:25:33.054 [36mINFO[0m           port: 1042                         
10:25:33.054 [36mINFO[0m           enable_store: true                 
10:25:33.054 [36mINFO[0m           enable_qr: true                    
10:25:33.054 [36mINFO[0m           enable_calling_aetitle_check: false 
10:25:33.054 [36mINFO[0m           timeout: 10s                       
10:25:33.054 [36mINFO[0m           max_pdu_size: 16Kib                
10:25:33.054 [36mINFO[0m           worker_count: 10                   
10:25:33.054 [36mINFO[0m           dcm_import_token: 5969a7ca93-i     
10:25:33.054 [36mINFO[0m           dcm_data_token: 5969a7ca93         
10:25:33.054 [36mINFO[0m           rule_set_id: 13                    
10:25:33.054 [36mINFO[0m   network:                                   
10:25:33.054 [36mINFO[0m       timeout: 10s                           
10:25:33.054 [36mINFO[0m   log:                                       
10:25:33.054 [36mINFO[0m       filename: aview.dicomscp.log           
10:25:33.054 [36mINFO[0m       filename_postfix: c60bd1465e           
10:25:33.054 [36mINFO[0m       level: info                            
10:25:33.054 [36mINFO[0m       max_backups: 16                        
10:25:33.054 [36mINFO[0m       max_file_size: 32MiB                   
10:25:33.054 [36mINFO[0m ---------------------------------------------------------------------------------------- 
10:25:33.057 [36mINFO[0m Process 'aview.import' started.               [36mnode_servers[0m=16 [36mproc_id[0m=91337 [36mtoken[0m=5969a7ca93
10:25:33.068 [36mINFO[0m ---------------------------------------------------------------------------------------- 
10:25:33.070 [36mINFO[0m AVIEW Data - Coreline Soft Inc. v2.0.52.5    
10:25:33.070 [36mINFO[0m Process Name: aview.data (proc_id=91168), Process Owner: root 
10:25:33.072 [36mINFO[0m [Configuration]                              
10:25:33.072 [36mINFO[0m   version: v1                                
10:25:33.073 [36mINFO[0m   data_server:                               
10:25:33.073 [36mINFO[0m       endpoint: 0.0.0.0:35199                
10:25:33.073 [36mINFO[0m       registry_endpoint: 0.0.0.0:5472        
10:25:33.073 [36mINFO[0m       token: 87cdd08a1d                      
10:25:33.073 [36mINFO[0m       node_key: master                       
10:25:33.073 [36mINFO[0m       ws_endpoint: 0.0.0.0:43215             
10:25:33.073 [36mINFO[0m   network:                                   
10:25:33.073 [36mINFO[0m       timeout: 10s                           
10:25:33.073 [36mINFO[0m   log:                                       
10:25:33.073 [36mINFO[0m       filename: aview.data.log               
10:25:33.073 [36mINFO[0m       filename_postfix: 87cdd08a1d           
10:25:33.073 [36mINFO[0m       level: info                            
10:25:33.073 [36mINFO[0m       max_backups: 16                        
10:25:33.073 [36mINFO[0m       max_file_size: 32MiB                   
10:25:33.073 [36mINFO[0m ---------------------------------------------------------------------------------------- 
10:25:33.087 [36mINFO[0m Import server connected.                      [36mnode_key[0m=master [36mregistered_servers[0m=9 [36mtoken[0m=31a1f4e5e9
10:25:33.091 [36mINFO[0m Import server connected.                      [36mnode_key[0m=master [36mregistered_servers[0m=10 [36mtoken[0m=8da95577cc
10:25:33.095 [36mINFO[0m ---------------------------------------------------------------------------------------- 
10:25:33.096 [36mINFO[0m AVIEW Import - Coreline Soft Inc. v2.0.52.5  
10:25:33.096 [36mINFO[0m Process Name: aview.import (proc_id=91185), Process Owner: root 
10:25:33.097 [36mINFO[0m [Configuration]                              
10:25:33.097 [36mINFO[0m   version: v1                                
10:25:33.097 [36mINFO[0m   import_server:                             
10:25:33.097 [36mINFO[0m       endpoint: 0.0.0.0:37077                
10:25:33.097 [36mINFO[0m       registry_endpoint: 0.0.0.0:5472        
10:25:33.097 [36mINFO[0m       token: 87cdd08a1d-i                    
10:25:33.097 [36mINFO[0m       node_key: master                       
10:25:33.097 [36mINFO[0m       data_token: 87cdd08a1d                 
10:25:33.097 [36mINFO[0m       ws_endpoint: 0.0.0.0:35837             
10:25:33.097 [36mINFO[0m   network:                                   
10:25:33.097 [36mINFO[0m       timeout: 10s                           
10:25:33.097 [36mINFO[0m   log:                                       
10:25:33.097 [36mINFO[0m       filename: aview.import.log             
10:25:33.097 [36mINFO[0m       filename_postfix: 87cdd08a1d           
10:25:33.097 [36mINFO[0m       level: info                            
10:25:33.097 [36mINFO[0m       max_backups: 16                        
10:25:33.097 [36mINFO[0m       max_file_size: 32MiB                   
10:25:33.097 [36mINFO[0m ---------------------------------------------------------------------------------------- 
10:25:33.100 [36mINFO[0m Import server connected.                      [36mnode_key[0m=master [36mregistered_servers[0m=11 [36mtoken[0m=03f871928a
10:25:33.104 [36mINFO[0m [DicomScp DICOM Store Rules]                 
10:25:33.104 [36mINFO[0m   version: v1                                
10:25:33.104 [36mINFO[0m   type: STORE                                
10:25:33.104 [36mINFO[0m   rules:                                     
10:25:33.104 [36mINFO[0m       - name: DefaultStorageRule             
10:25:33.104 [36mINFO[0m         relation: AND                        
10:25:33.104 [36mINFO[0m         conditions:                          
10:25:33.104 [36mINFO[0m           - func_macro: '*'                  
10:25:33.104 [36mINFO[0m             tag_macro: '*'                   
10:25:33.104 [36mINFO[0m             values:                          
10:25:33.104 [36mINFO[0m               - '*'                          
10:25:33.104 [36mINFO[0m         tds_ids:                             
10:25:33.104 [36mINFO[0m           - "35"                             
10:25:33.122 [36mINFO[0m ---------------------------------------------------------------------------------------- 
10:25:33.123 [36mINFO[0m AVIEW Data - Coreline Soft Inc. v2.0.52.5    
10:25:33.123 [36mINFO[0m Process Name: aview.data (proc_id=91209), Process Owner: root 
10:25:33.123 [36mINFO[0m [Configuration]                              
10:25:33.123 [36mINFO[0m   version: v1                                
10:25:33.123 [36mINFO[0m   data_server:                               
10:25:33.123 [36mINFO[0m       endpoint: 0.0.0.0:42693                
10:25:33.123 [36mINFO[0m       registry_endpoint: 0.0.0.0:5472        
10:25:33.123 [36mINFO[0m       token: 2f9e300800                      
10:25:33.123 [36mINFO[0m       node_key: master                       
10:25:33.123 [36mINFO[0m       ws_endpoint: 0.0.0.0:46371             
10:25:33.123 [36mINFO[0m   network:                                   
10:25:33.123 [36mINFO[0m       timeout: 10s                           
10:25:33.123 [36mINFO[0m   log:                                       
10:25:33.123 [36mINFO[0m       filename: aview.data.log               
10:25:33.123 [36mINFO[0m       filename_postfix: 2f9e300800           
10:25:33.123 [36mINFO[0m       level: info                            
10:25:33.123 [36mINFO[0m       max_backups: 16                        
10:25:33.123 [36mINFO[0m       max_file_size: 32MiB                   
10:25:33.123 [36mINFO[0m ---------------------------------------------------------------------------------------- 
10:25:33.145 [36mINFO[0m [DicomScp DICOM Peer List]                   
10:25:33.145 [36mINFO[0m   - aetitle: TEST92                          
10:25:33.145 [36mINFO[0m     ipaddress: 10.77.3.32                    
10:25:33.145 [36mINFO[0m     portnumber: "3047"                       
10:25:33.145 [36mINFO[0m     qrxfer: 1.2.840.10008.1.2.1              
10:25:33.145 [36mINFO[0m     charset: ""                              
10:25:33.145 [36mINFO[0m     storescp: true                           
10:25:33.145 [36mINFO[0m     storescu: true                           
10:25:33.145 [36mINFO[0m     qrscp: true                              
10:25:33.145 [36mINFO[0m     qrscu: true                              
10:25:33.145 [36mINFO[0m   - aetitle: TEST75                          
10:25:33.145 [36mINFO[0m     ipaddress: 10.77.3.32                    
10:25:33.145 [36mINFO[0m     portnumber: "3046"                       
10:25:33.145 [36mINFO[0m     qrxfer: 1.2.840.10008.1.2.1              
10:25:33.145 [36mINFO[0m     charset: ""                              
10:25:33.145 [36mINFO[0m     storescp: true                           
10:25:33.145 [36mINFO[0m     storescu: true                           
10:25:33.145 [36mINFO[0m     qrscp: true                              
10:25:33.145 [36mINFO[0m     qrscu: true                              
10:25:33.145 [36mINFO[0m   - aetitle: TEST69                          
10:25:33.145 [36mINFO[0m     ipaddress: 10.77.3.32                    
10:25:33.145 [36mINFO[0m     portnumber: "3045"                       
10:25:33.145 [36mINFO[0m     qrxfer: 1.2.840.10008.1.2.1              
10:25:33.145 [36mINFO[0m     charset: ""                              
10:25:33.145 [36mINFO[0m     storescp: true                           
10:25:33.145 [36mINFO[0m     storescu: true                           
10:25:33.145 [36mINFO[0m     qrscp: true                              
10:25:33.145 [36mINFO[0m     qrscu: true                              
10:25:33.145 [36mINFO[0m   - aetitle: JUN                             
10:25:33.145 [36mINFO[0m     ipaddress: 10.77.3.35                    
10:25:33.145 [36mINFO[0m     portnumber: "3044"                       
10:25:33.145 [36mINFO[0m     qrxfer: 1.2.840.10008.1.2.1              
10:25:33.145 [36mINFO[0m     charset: ""                              
10:25:33.145 [36mINFO[0m     storescp: true                           
10:25:33.145 [36mINFO[0m     storescu: true                           
10:25:33.145 [36mINFO[0m     qrscp: true                              
10:25:33.145 [36mINFO[0m     qrscu: true                              
10:25:33.150 [36mINFO[0m Import server connected.                      [36mnode_key[0m=master [36mregistered_servers[0m=12 [36mtoken[0m=87cdd08a1d
10:25:33.151 [36mINFO[0m ---------------------------------------------------------------------------------------- 
10:25:33.152 [36mINFO[0m AVIEW Import - Coreline Soft Inc. v2.0.52.5  
10:25:33.152 [36mINFO[0m Process Name: aview.import (proc_id=91251), Process Owner: root 
10:25:33.152 [36mINFO[0m [Configuration]                              
10:25:33.152 [36mINFO[0m   version: v1                                
10:25:33.152 [36mINFO[0m   import_server:                             
10:25:33.152 [36mINFO[0m       endpoint: 0.0.0.0:44435                
10:25:33.152 [36mINFO[0m       registry_endpoint: 0.0.0.0:5472        
10:25:33.152 [36mINFO[0m       token: 2f9e300800-i                    
10:25:33.152 [36mINFO[0m       node_key: master                       
10:25:33.152 [36mINFO[0m       data_token: 2f9e300800                 
10:25:33.152 [36mINFO[0m       ws_endpoint: 0.0.0.0:41035             
10:25:33.152 [36mINFO[0m   network:                                   
10:25:33.152 [36mINFO[0m       timeout: 10s                           
10:25:33.152 [36mINFO[0m   log:                                       
10:25:33.152 [36mINFO[0m       filename: aview.import.log             
10:25:33.152 [36mINFO[0m       filename_postfix: 2f9e300800           
10:25:33.152 [36mINFO[0m       level: info                            
10:25:33.152 [36mINFO[0m       max_backups: 16                        
10:25:33.153 [36mINFO[0m       max_file_size: 32MiB                   
10:25:33.153 [36mINFO[0m ---------------------------------------------------------------------------------------- 
10:25:33.183 [36mINFO[0m Data server connected.                        [36mnode_key[0m=master [36mregistered_servers[0m=13 [36mtoken[0m=8da95577cc
10:25:33.183 [36mINFO[0m [DicomScp DICOM QR Storage]                  
10:25:33.183 [36mINFO[0m   impulsion                                  
10:25:33.198 [36mINFO[0m Data server connected.                        [36mnode_key[0m=master [36mregistered_servers[0m=14 [36mtoken[0m=03f871928a
10:25:33.199 [36mINFO[0m Data server connected.                        [36mnode_key[0m=master [36mregistered_servers[0m=15 [36mtoken[0m=31a1f4e5e9
10:25:33.214 [36mINFO[0m Import server connected.                      [36mnode_key[0m=master [36mregistered_servers[0m=16 [36mtoken[0m=2f9e300800
10:25:33.217 [36mINFO[0m Data server connected.                        [36mnode_key[0m=master [36mregistered_servers[0m=17 [36mtoken[0m=87cdd08a1d
10:25:33.225 [36mINFO[0m ---------------------------------------------------------------------------------------- 
10:25:33.226 [36mINFO[0m AVIEW Data - Coreline Soft Inc. v2.0.52.5    
10:25:33.226 [36mINFO[0m Process Name: aview.data (proc_id=91310), Process Owner: root 
10:25:33.226 [36mINFO[0m [Configuration]                              
10:25:33.226 [36mINFO[0m   version: v1                                
10:25:33.226 [36mINFO[0m   data_server:                               
10:25:33.226 [36mINFO[0m       endpoint: 0.0.0.0:44951                
10:25:33.226 [36mINFO[0m       registry_endpoint: 0.0.0.0:5472        
10:25:33.226 [36mINFO[0m       token: 5969a7ca93                      
10:25:33.226 [36mINFO[0m       node_key: master                       
10:25:33.226 [36mINFO[0m       ws_endpoint: 0.0.0.0:44651             
10:25:33.226 [36mINFO[0m   network:                                   
10:25:33.226 [36mINFO[0m       timeout: 10s                           
10:25:33.226 [36mINFO[0m   log:                                       
10:25:33.226 [36mINFO[0m       filename: aview.data.log               
10:25:33.226 [36mINFO[0m       filename_postfix: 5969a7ca93           
10:25:33.226 [36mINFO[0m       level: info                            
10:25:33.226 [36mINFO[0m       max_backups: 16                        
10:25:33.226 [36mINFO[0m       max_file_size: 32MiB                   
10:25:33.226 [36mINFO[0m ---------------------------------------------------------------------------------------- 
10:25:33.252 [36mINFO[0m ---------------------------------------------------------------------------------------- 
10:25:33.253 [36mINFO[0m AVIEW Import - Coreline Soft Inc. v2.0.52.5  
10:25:33.253 [36mINFO[0m Process Name: aview.import (proc_id=91337), Process Owner: root 
10:25:33.253 [36mINFO[0m [Configuration]                              
10:25:33.254 [36mINFO[0m   version: v1                                
10:25:33.254 [36mINFO[0m   import_server:                             
10:25:33.254 [36mINFO[0m       endpoint: 0.0.0.0:43275                
10:25:33.254 [36mINFO[0m       registry_endpoint: 0.0.0.0:5472        
10:25:33.254 [36mINFO[0m       token: 5969a7ca93-i                    
10:25:33.254 [36mINFO[0m       node_key: master                       
10:25:33.254 [36mINFO[0m       data_token: 5969a7ca93                 
10:25:33.254 [36mINFO[0m       ws_endpoint: 0.0.0.0:40505             
10:25:33.254 [36mINFO[0m   network:                                   
10:25:33.254 [36mINFO[0m       timeout: 10s                           
10:25:33.254 [36mINFO[0m   log:                                       
10:25:33.254 [36mINFO[0m       filename: aview.import.log             
10:25:33.254 [36mINFO[0m       filename_postfix: 5969a7ca93           
10:25:33.254 [36mINFO[0m       level: info                            
10:25:33.254 [36mINFO[0m       max_backups: 16                        
10:25:33.254 [36mINFO[0m       max_file_size: 32MiB                   
10:25:33.254 [36mINFO[0m ---------------------------------------------------------------------------------------- 
10:25:33.314 [36mINFO[0m Data server connected.                        [36mnode_key[0m=master [36mregistered_servers[0m=19 [36mtoken[0m=2f9e300800
10:25:33.314 [36mINFO[0m Import server connected.                      [36mnode_key[0m=master [36mregistered_servers[0m=18 [36mtoken[0m=5969a7ca93
10:25:33.365 [36mINFO[0m Data server connected.                        [36mnode_key[0m=master [36mregistered_servers[0m=20 [36mtoken[0m=5969a7ca93
10:25:33.387 [36mINFO[0m Result server connected.                      [36mnode_key[0m=master [36mregistered_servers[0m=21 [36mtoken[0m=result
10:25:33.689 [36mINFO[0m Dicomscp server connected.                    [36mnode_key[0m=master [36mregistered_servers[0m=22 [36mtoken[0m=c60bd1465e
10:25:43.950 [36mINFO[0m Received signal - terminated.                 [36mproc_id[0m=90950 [36mproc_name[0m=aview.platform.exe
10:25:43.950 [36mINFO[0m Dicomscp server disconnected.                 [36mnode_key[0m=master [36mregistered_servers[0m=21 [36mtoken[0m=c60bd1465e
10:25:43.950 [36mINFO[0m Aps server disconnected.                      [36mnode_key[0m=master [36mregistered_servers[0m=19 [36mtoken[0m=aps
10:25:43.950 [36mINFO[0m Result server disconnected.                   [36mnode_key[0m=master [36mregistered_servers[0m=18 [36mtoken[0m=result
10:25:43.950 [36mINFO[0m Data server disconnected.                     [36mnode_key[0m=master [36mregistered_servers[0m=14 [36mtoken[0m=5969a7ca93
10:25:43.950 [36mINFO[0m Import server disconnected.                   [36mnode_key[0m=master [36mregistered_servers[0m=13 [36mtoken[0m=5969a7ca93
10:25:43.951 [36mINFO[0m Node disconnected.                            [36mnode_key[0m=master
10:25:43.951 [36mINFO[0m Data server disconnected.                     [36mnode_key[0m=master [36mregistered_servers[0m=11 [36mtoken[0m=03f871928a
10:25:43.951 [36mINFO[0m Data server disconnected.                     [36mnode_key[0m=master [36mregistered_servers[0m=10 [36mtoken[0m=87cdd08a1d
10:25:43.951 [36mINFO[0m Data server disconnected.                     [36mnode_key[0m=master [36mregistered_servers[0m=6 [36mtoken[0m=31a1f4e5e9
10:25:43.951 [36mINFO[0m Data server disconnected.                     [36mnode_key[0m=master [36mregistered_servers[0m=5 [36mtoken[0m=2f9e300800
10:25:43.951 [36mINFO[0m Web server disconnected.                      [36mnode_key[0m=master [36mregistered_servers[0m=9 [36mtoken[0m=proxy
10:25:43.951 [36mINFO[0m Web server disconnected.                      [36mnode_key[0m=master [36mregistered_servers[0m=8 [36mtoken[0m=frontend
10:25:43.950 [36mINFO[0m Mgmt server disconnected.                     [36mnode_key[0m=master [36mregistered_servers[0m=16 [36mtoken[0m=mgmt
10:25:43.950 [36mINFO[0m Audit server disconnected.                    [36mnode_key[0m=master [36mregistered_servers[0m=15 [36mtoken[0m=audit
10:25:43.951 [36mINFO[0m Import server disconnected.                   [36mnode_key[0m=master [36mregistered_servers[0m=7 [36mtoken[0m=2f9e300800
10:25:43.951 [36mINFO[0m Data server disconnected.                     [36mnode_key[0m=master [36mregistered_servers[0m=4 [36mtoken[0m=8da95577cc
10:25:43.951 [36mINFO[0m Import server disconnected.                   [36mnode_key[0m=master [36mregistered_servers[0m=2 [36mtoken[0m=87cdd08a1d
10:25:43.951 [36mINFO[0m Import server disconnected.                   [36mnode_key[0m=master [36mregistered_servers[0m=0 [36mtoken[0m=31a1f4e5e9
10:25:43.950 [36mINFO[0m Auth server disconnected.                     [36mnode_key[0m=master [36mregistered_servers[0m=17 [36mtoken[0m=auth
10:25:43.951 [36mINFO[0m Import server disconnected.                   [36mnode_key[0m=master [36mregistered_servers[0m=3 [36mtoken[0m=8da95577cc
10:25:43.950 [36mINFO[0m Notice server disconnected.                   [36mnode_key[0m=master [36mregistered_servers[0m=20 [36mtoken[0m=notice
10:25:43.951 [36mINFO[0m Dicomnet server disconnected.                 [36mnode_key[0m=master [36mregistered_servers[0m=12 [36mtoken[0m=dicomnet
10:25:43.951 [36mINFO[0m Import server disconnected.                   [36mnode_key[0m=master [36mregistered_servers[0m=1 [36mtoken[0m=03f871928a
10:25:43.952 [36mINFO[0m Graceful stop request.                        [36mis_platform_shutdown[0m=true [36mreason[0m=SYSTEM_SHUTDOWN
10:25:43.952 [36mINFO[0m Received signal - user defined signal 1.      [36mproc_id[0m=91251 [36mproc_name[0m=aview.import.exe
10:25:43.965 [36mINFO[0m Process stopped.                              [36mexitcode[0m=0 [36mnode_servers[0m=15 [36mproc_id[0m=91251 [36mproc_name[0m=aview.import
10:25:43.966 [36mINFO[0m Graceful stop request.                        [36mis_platform_shutdown[0m=true [36mreason[0m=SYSTEM_SHUTDOWN
10:25:43.966 [36mINFO[0m Received signal - user defined signal 1.      [36mproc_id[0m=91122 [36mproc_name[0m=aview.dicomnet.exe
10:25:43.972 [36mINFO[0m Process stopped.                              [36mexitcode[0m=0 [36mnode_servers[0m=15 [36mproc_id[0m=91122 [36mproc_name[0m=aview.dicomnet
10:25:43.973 [36mINFO[0m Graceful stop request.                        [36mis_platform_shutdown[0m=true [36mreason[0m=SYSTEM_SHUTDOWN
10:25:43.973 [36mINFO[0m Received signal - user defined signal 1.      [36mproc_id[0m=91124 [36mproc_name[0m=aview.data.exe
10:25:43.978 [36mINFO[0m Process stopped.                              [36mexitcode[0m=0 [36mnode_servers[0m=15 [36mproc_id[0m=91124 [36mproc_name[0m=aview.data
10:25:43.979 [36mINFO[0m Graceful stop request.                        [36mis_platform_shutdown[0m=true [36mreason[0m=SYSTEM_SHUTDOWN
10:25:43.979 [36mINFO[0m Received signal - user defined signal 1.      [36mproc_id[0m=91125 [36mproc_name[0m=aview.import.exe
10:25:43.984 [36mINFO[0m Process stopped.                              [36mexitcode[0m=0 [36mnode_servers[0m=15 [36mproc_id[0m=91125 [36mproc_name[0m=aview.import
10:25:43.985 [36mINFO[0m Graceful stop request.                        [36mis_platform_shutdown[0m=true [36mreason[0m=SYSTEM_SHUTDOWN
10:25:43.985 [36mINFO[0m Received signal - user defined signal 1.      [36mproc_id[0m=91152 [36mproc_name[0m=aview.data.exe
10:25:43.991 [36mINFO[0m Process stopped.                              [36mexitcode[0m=0 [36mnode_servers[0m=15 [36mproc_id[0m=91152 [36mproc_name[0m=aview.data
10:25:43.992 [36mINFO[0m Graceful stop request.                        [36mis_platform_shutdown[0m=true [36mreason[0m=SYSTEM_SHUTDOWN
10:25:43.992 [36mINFO[0m Received signal - user defined signal 1.      [36mproc_id[0m=91168 [36mproc_name[0m=aview.data.exe
10:25:43.997 [36mINFO[0m Process stopped.                              [36mexitcode[0m=0 [36mnode_servers[0m=15 [36mproc_id[0m=91168 [36mproc_name[0m=aview.data
10:25:43.998 [36mINFO[0m Graceful stop request.                        [36mis_platform_shutdown[0m=true [36mreason[0m=SYSTEM_SHUTDOWN
10:25:43.998 [36mINFO[0m Received signal - user defined signal 1.      [36mproc_id[0m=91185 [36mproc_name[0m=aview.import.exe
10:25:44.003 [36mINFO[0m Process stopped.                              [36mexitcode[0m=0 [36mnode_servers[0m=15 [36mproc_id[0m=91185 [36mproc_name[0m=aview.import
10:25:44.004 [36mINFO[0m Graceful stop request.                        [36mis_platform_shutdown[0m=true [36mreason[0m=SYSTEM_SHUTDOWN
10:25:44.004 [36mINFO[0m Received signal - user defined signal 1.      [36mproc_id[0m=91310 [36mproc_name[0m=aview.data.exe
10:25:44.009 [36mINFO[0m Process stopped.                              [36mexitcode[0m=0 [36mnode_servers[0m=15 [36mproc_id[0m=91310 [36mproc_name[0m=aview.data
10:25:44.010 [36mINFO[0m Graceful stop request.                        [36mis_platform_shutdown[0m=true [36mreason[0m=SYSTEM_SHUTDOWN
10:25:44.010 [36mINFO[0m Received signal - user defined signal 1.      [36mproc_id[0m=91123 [36mproc_name[0m=aview.result.exe
10:25:44.015 [36mINFO[0m Process stopped.                              [36mexitcode[0m=0 [36mnode_servers[0m=15 [36mproc_id[0m=91123 [36mproc_name[0m=aview.result
10:25:44.016 [36mINFO[0m Graceful stop request.                        [36mis_platform_shutdown[0m=true [36mreason[0m=SYSTEM_SHUTDOWN
10:25:44.016 [36mINFO[0m Received signal - user defined signal 1.      [36mproc_id[0m=91128 [36mproc_name[0m=aview.dicomscp.exe
10:25:45.099 [36mINFO[0m Process stopped.                              [36mexitcode[0m=0 [36mnode_servers[0m=15 [36mproc_id[0m=91128 [36mproc_name[0m=aview.dicomscp
10:25:45.100 [36mINFO[0m Graceful stop request.                        [36mis_platform_shutdown[0m=true [36mreason[0m=SYSTEM_SHUTDOWN
10:25:45.100 [36mINFO[0m Received signal - user defined signal 1.      [36mproc_id[0m=91133 [36mproc_name[0m=aview.import.exe
10:25:45.106 [36mINFO[0m Process stopped.                              [36mexitcode[0m=0 [36mnode_servers[0m=15 [36mproc_id[0m=91133 [36mproc_name[0m=aview.import
10:25:45.107 [36mINFO[0m Graceful stop request.                        [36mis_platform_shutdown[0m=true [36mreason[0m=SYSTEM_SHUTDOWN
10:25:45.107 [36mINFO[0m Received signal - user defined signal 1.      [36mproc_id[0m=91129 [36mproc_name[0m=aview.data.exe
10:25:45.113 [36mINFO[0m Process stopped.                              [36mexitcode[0m=0 [36mnode_servers[0m=15 [36mproc_id[0m=91129 [36mproc_name[0m=aview.data
10:25:45.114 [36mINFO[0m Graceful stop request.                        [36mis_platform_shutdown[0m=true [36mreason[0m=SYSTEM_SHUTDOWN
10:25:45.114 [36mINFO[0m Received signal - user defined signal 1.      [36mproc_id[0m=91209 [36mproc_name[0m=aview.data.exe
10:25:45.119 [36mINFO[0m Process stopped.                              [36mexitcode[0m=0 [36mnode_servers[0m=15 [36mproc_id[0m=91209 [36mproc_name[0m=aview.data
10:25:45.120 [36mINFO[0m Graceful stop request.                        [36mis_platform_shutdown[0m=true [36mreason[0m=SYSTEM_SHUTDOWN
10:25:45.120 [36mINFO[0m Received signal - user defined signal 1.      [36mproc_id[0m=91161 [36mproc_name[0m=aview.import.exe
10:25:45.126 [36mINFO[0m Process stopped.                              [36mexitcode[0m=0 [36mnode_servers[0m=15 [36mproc_id[0m=91161 [36mproc_name[0m=aview.import
10:25:45.126 [36mINFO[0m Graceful stop request.                        [36mis_platform_shutdown[0m=true [36mreason[0m=SYSTEM_SHUTDOWN
10:25:45.126 [36mINFO[0m Received signal - user defined signal 1.      [36mproc_id[0m=91337 [36mproc_name[0m=aview.import.exe
10:25:45.132 [36mINFO[0m Process stopped.                              [36mexitcode[0m=0 [36mnode_servers[0m=15 [36mproc_id[0m=91337 [36mproc_name[0m=aview.import
